MIF/HEX Update report for cineraria
Sun Mar 24 03:43:42 2013
Quartus II 64-Bit Version 12.1 Build 243 01/31/2013 Service Pack 1 SJ Full Version


---------------------
; Table of Contents ;
---------------------
  1. Legal Notice
  2. MIF/HEX Update Summary
  3. MIF/HEX Update Processed Files
  4. MIF/HEX Update Messages



----------------
; Legal Notice ;
----------------
Copyright (C) 1991-2012 Altera Corporation
Your use of Altera Corporation's design tools, logic functions 
and other software and tools, and its AMPP partner logic 
functions, and any output files from any of the foregoing 
(including device programming or simulation files), and any 
associated documentation or information are expressly subject 
to the terms and conditions of the Altera Program License 
Subscription Agreement, Altera MegaCore Function License 
Agreement, or other applicable license agreement, including, 
without limitation, that your use is for the sole purpose of 
programming logic devices manufactured by Altera and sold by 
Altera or its authorized distributors.  Please refer to the 
applicable agreement for further details.



+---------------------------------------------------------------+
; MIF/HEX Update Summary                                        ;
+-----------------------+---------------------------------------+
; MIF/HEX Update Status ; Successful - Sun Mar 24 03:43:42 2013 ;
; Revision Name         ; cineraria                             ;
; Top-level Entity Name ; cineraria                             ;
; Family                ; Cyclone III                           ;
; Device                ; EP3C16F484C6                          ;
+-----------------------+---------------------------------------+


+-------------------------------------------------------------------------+
; MIF/HEX Update Processed Files                                          ;
+-------------------------------------------------------------------------+
; File Name                                                               ;
+-------------------------------------------------------------------------+
; D:/PROJECT/DE0/cineraria_DVI/cineraria_de0_boot.hex                     ;
; D:/PROJECT/DE0/cineraria_DVI/nios2_fast_fpu_bht_ram.mif                 ;
; D:/PROJECT/DE0/cineraria_DVI/nios2_fast_fpu_dc_tag_ram.mif              ;
; D:/PROJECT/DE0/cineraria_DVI/nios2_fast_fpu_ic_tag_ram.mif              ;
; D:/PROJECT/DE0/cineraria_DVI/nios2_fast_fpu_ociram_default_contents.mif ;
; D:/PROJECT/DE0/cineraria_DVI/nios2_fast_fpu_rf_ram_a.mif                ;
; D:/PROJECT/DE0/cineraria_DVI/nios2_fast_fpu_rf_ram_b.mif                ;
+-------------------------------------------------------------------------+


+-------------------------+
; MIF/HEX Update Messages ;
+-------------------------+
Info: *******************************************************************
Info: Running Quartus II 64-Bit MIF/HEX Update
    Info: Version 12.1 Build 243 01/31/2013 Service Pack 1 SJ Full Version
    Info: Processing started: Sun Mar 24 03:43:38 2013
Info: Command: quartus_cdb cineraria -c cineraria --update_mif
Warning (39023): Can't find Memory Initialization File loreley_envram.mif -- skipped updates for this file
Info (39024): Processed the following Memory Initialization File(s)
    Info (39025): Processed Memory Initialization File D:/PROJECT/DE0/cineraria_DVI/cineraria_de0_boot.hex
    Info (39025): Processed Memory Initialization File D:/PROJECT/DE0/cineraria_DVI/nios2_fast_fpu_bht_ram.mif
    Info (39025): Processed Memory Initialization File D:/PROJECT/DE0/cineraria_DVI/nios2_fast_fpu_dc_tag_ram.mif
    Info (39025): Processed Memory Initialization File D:/PROJECT/DE0/cineraria_DVI/nios2_fast_fpu_ic_tag_ram.mif
    Info (39025): Processed Memory Initialization File D:/PROJECT/DE0/cineraria_DVI/nios2_fast_fpu_ociram_default_contents.mif
    Info (39025): Processed Memory Initialization File D:/PROJECT/DE0/cineraria_DVI/nios2_fast_fpu_rf_ram_a.mif
    Info (39025): Processed Memory Initialization File D:/PROJECT/DE0/cineraria_DVI/nios2_fast_fpu_rf_ram_b.mif
Info: Quartus II 64-Bit MIF/HEX Update was successful. 0 errors, 1 warning
    Info: Peak virtual memory: 491 megabytes
    Info: Processing ended: Sun Mar 24 03:43:42 2013
    Info: Elapsed time: 00:00:04
    Info: Total CPU time (on all processors): 00:00:03


