Flow report for cineraria
Wed Apr 03 13:23:05 2013
Quartus II 64-Bit Version 12.1 Build 243 01/31/2013 Service Pack 1 SJ Full Version


---------------------
; Table of Contents ;
---------------------
  1. Legal Notice
  2. Flow Summary
  3. Flow Settings
  4. Flow Non-Default Global Settings
  5. Flow Elapsed Time
  6. Flow OS Summary
  7. Flow Log



----------------
; Legal Notice ;
----------------
Copyright (C) 1991-2012 Altera Corporation
Your use of Altera Corporation's design tools, logic functions 
and other software and tools, and its AMPP partner logic 
functions, and any output files from any of the foregoing 
(including device programming or simulation files), and any 
associated documentation or information are expressly subject 
to the terms and conditions of the Altera Program License 
Subscription Agreement, Altera MegaCore Function License 
Agreement, or other applicable license agreement, including, 
without limitation, that your use is for the sole purpose of 
programming logic devices manufactured by Altera and sold by 
Altera or its authorized distributors.  Please refer to the 
applicable agreement for further details.



+-------------------------------------------------------------------------------------+
; Flow Summary                                                                        ;
+------------------------------------+------------------------------------------------+
; Flow Status                        ; Analyzed - Wed Apr 03 13:23:05 2013            ;
; Quartus II 64-Bit Version          ; 12.1 Build 243 01/31/2013 SP 1 SJ Full Version ;
; Revision Name                      ; cineraria                                      ;
; Top-level Entity Name              ; cineraria                                      ;
; Family                             ; Cyclone III                                    ;
; Device                             ; EP3C16F484C6                                   ;
; Timing Models                      ; Final                                          ;
; Total logic elements               ; 12,586 / 15,408 ( 82 % )                       ;
;     Total combinational functions  ; 10,352 / 15,408 ( 67 % )                       ;
;     Dedicated logic registers      ; 7,593 / 15,408 ( 49 % )                        ;
; Total registers                    ; 7749                                           ;
; Total pins                         ; 195 / 347 ( 56 % )                             ;
; Total virtual pins                 ; 0                                              ;
; Total memory bits                  ; 344,464 / 516,096 ( 67 % )                     ;
; Embedded Multiplier 9-bit elements ; 31 / 112 ( 28 % )                              ;
; Total PLLs                         ; 3 / 4 ( 75 % )                                 ;
+------------------------------------+------------------------------------------------+


+-----------------------------------------+
; Flow Settings                           ;
+-------------------+---------------------+
; Option            ; Setting             ;
+-------------------+---------------------+
; Start date & time ; 04/03/2013 13:17:40 ;
; Main task         ; Compilation         ;
; Revision Name     ; cineraria           ;
+-------------------+---------------------+


+------------------------------------------------------------------------------------------------------------------------+
; Flow Non-Default Global Settings                                                                                       ;
+-------------------------------------+---------------------------------------+---------------+-------------+------------+
; Assignment Name                     ; Value                                 ; Default Value ; Entity Name ; Section Id ;
+-------------------------------------+---------------------------------------+---------------+-------------+------------+
; COMPILER_SIGNATURE_ID               ; 157394849403.136496266059456          ; --            ; --          ; --         ;
; ENABLE_DRC_SETTINGS                 ; On                                    ; Off           ; --          ; --         ;
; IP_TOOL_ENV                         ; sopc                                  ; --            ; nios2_fpu   ; --         ;
; IP_TOOL_NAME                        ; ALTPLL                                ; --            ; --          ; --         ;
; IP_TOOL_NAME                        ; ALTPLL                                ; --            ; --          ; --         ;
; IP_TOOL_NAME                        ; ALTPLL                                ; --            ; --          ; --         ;
; IP_TOOL_NAME                        ; sopc                                  ; --            ; nios2_fpu   ; --         ;
; IP_TOOL_VERSION                     ; 9.1                                   ; --            ; --          ; --         ;
; IP_TOOL_VERSION                     ; 9.1                                   ; --            ; --          ; --         ;
; IP_TOOL_VERSION                     ; 12.1                                  ; --            ; --          ; --         ;
; IP_TOOL_VERSION                     ; 12.1sp1                               ; --            ; nios2_fpu   ; --         ;
; MAX_CORE_JUNCTION_TEMP              ; 85                                    ; --            ; --          ; --         ;
; MIN_CORE_JUNCTION_TEMP              ; 0                                     ; --            ; --          ; --         ;
; MISC_FILE                           ; syspll.bsf                            ; --            ; --          ; --         ;
; MISC_FILE                           ; syspll.ppf                            ; --            ; --          ; --         ;
; MISC_FILE                           ; avpll.bsf                             ; --            ; --          ; --         ;
; MISC_FILE                           ; avpll.ppf                             ; --            ; --          ; --         ;
; MISC_FILE                           ; avpll_xga.bsf                         ; --            ; --          ; --         ;
; MISC_FILE                           ; avpll_xga.ppf                         ; --            ; --          ; --         ;
; OUTPUT_IO_TIMING_FAR_END_VMEAS      ; Half Signal Swing                     ; --            ; --          ; --         ;
; OUTPUT_IO_TIMING_FAR_END_VMEAS      ; Half Signal Swing                     ; --            ; --          ; --         ;
; OUTPUT_IO_TIMING_NEAR_END_VMEAS     ; Half Vccio                            ; --            ; --          ; --         ;
; OUTPUT_IO_TIMING_NEAR_END_VMEAS     ; Half Vccio                            ; --            ; --          ; --         ;
; PARTITION_COLOR                     ; 16764057                              ; --            ; --          ; Top        ;
; PARTITION_FITTER_PRESERVATION_LEVEL ; PLACEMENT_AND_ROUTING                 ; --            ; --          ; Top        ;
; PARTITION_NETLIST_TYPE              ; SOURCE                                ; --            ; --          ; Top        ;
; POWER_BOARD_THERMAL_MODEL           ; None (CONSERVATIVE)                   ; --            ; --          ; --         ;
; POWER_PRESET_COOLING_SOLUTION       ; 23 MM HEAT SINK WITH 200 LFPM AIRFLOW ; --            ; --          ; --         ;
; SMART_RECOMPILE                     ; On                                    ; Off           ; --          ; --         ;
; SOPC_BUILDER_SIGNATURE_ID           ; 0024A576CE7B0000013DCD728ADF          ; --            ; --          ; --         ;
+-------------------------------------+---------------------------------------+---------------+-------------+------------+


+-------------------------------------------------------------------------------------------------------------------------------+
; Flow Elapsed Time                                                                                                             ;
+---------------------------+--------------+-------------------------+---------------------+------------------------------------+
; Module Name               ; Elapsed Time ; Average Processors Used ; Peak Virtual Memory ; Total CPU Time (on all processors) ;
+---------------------------+--------------+-------------------------+---------------------+------------------------------------+
; Analysis & Synthesis      ; 00:01:44     ; 1.0                     ; 798 MB              ; 00:01:42                           ;
; Fitter                    ; 00:02:50     ; 1.4                     ; 1030 MB             ; 00:03:24                           ;
; Assembler                 ; 00:00:03     ; 1.0                     ; 469 MB              ; 00:00:03                           ;
; TimeQuest Timing Analyzer ; 00:00:20     ; 1.4                     ; 647 MB              ; 00:00:22                           ;
; Design Assistant          ; 00:00:12     ; 1.0                     ; 565 MB              ; 00:00:11                           ;
; Total                     ; 00:05:09     ; --                      ; --                  ; 00:05:42                           ;
+---------------------------+--------------+-------------------------+---------------------+------------------------------------+


+----------------------------------------------------------------------------------------+
; Flow OS Summary                                                                        ;
+---------------------------+------------------+-----------+------------+----------------+
; Module Name               ; Machine Hostname ; OS Name   ; OS Version ; Processor type ;
+---------------------------+------------------+-----------+------------+----------------+
; Analysis & Synthesis      ; BRUENNHILDE      ; Windows 7 ; 6.1        ; x86_64         ;
; Fitter                    ; BRUENNHILDE      ; Windows 7 ; 6.1        ; x86_64         ;
; Assembler                 ; BRUENNHILDE      ; Windows 7 ; 6.1        ; x86_64         ;
; TimeQuest Timing Analyzer ; BRUENNHILDE      ; Windows 7 ; 6.1        ; x86_64         ;
; Design Assistant          ; BRUENNHILDE      ; Windows 7 ; 6.1        ; x86_64         ;
+---------------------------+------------------+-----------+------------+----------------+


------------
; Flow Log ;
------------
quartus_map --read_settings_files=on --write_settings_files=off cineraria -c cineraria
quartus_fit --read_settings_files=off --write_settings_files=off cineraria -c cineraria
quartus_asm --read_settings_files=off --write_settings_files=off cineraria -c cineraria
quartus_sta cineraria -c cineraria
quartus_drc --read_settings_files=off --write_settings_files=off cineraria -c cineraria



